<?xml version='1.0' encoding='UTF-8'?>
<testsuite hostname="Benjamins-MacBook-Air.local" name="cl.uchile.dcc.gwent.BoardTest" tests="8" errors="0" failures="0" skipped="0" time="0.093" timestamp="2023-07-07T14:12:29">
          <properties>
      <property name="java.specification.version" value="19"/><property name="sun.jnu.encoding" value="UTF-8"/><property name="sun.arch.data.model" value="64"/><property name="java.vendor.url" value="https://java.oracle.com/"/><property name="sun.boot.library.path" value="/Library/Java/JavaVirtualMachines/jdk-19.jdk/Contents/Home/lib"/><property name="sun.java.command" value="/Users/benjaminalvial/.sdkman/candidates/sbt/1.8.2/bin/sbt-launch.jar"/><property name="jdk.debug" value="release"/><property name="java.specification.vendor" value="Oracle Corporation"/><property name="java.version.date" value="2023-01-17"/><property name="java.home" value="/Library/Java/JavaVirtualMachines/jdk-19.jdk/Contents/Home"/><property name="file.separator" value="/"/><property name="java.vm.compressedOopsMode" value="Zero based"/><property name="line.separator" value="
"/><property name="java.vm.specification.vendor" value="Oracle Corporation"/><property name="java.specification.name" value="Java Platform API Specification"/><property name="sun.management.compiler" value="HotSpot 64-Bit Tiered Compilers"/><property name="java.runtime.version" value="19.0.2+7-44"/><property name="user.name" value="benjaminalvial"/><property name="log4j.ignoreTCL" value="true"/><property name="file.encoding" value="UTF-8"/><property name="jnidispatch.path" value="/Users/benjaminalvial/Library/Caches/JNA/temp/jna14894850304542691288.tmp"/><property name="jna.loaded" value="true"/><property name="java.io.tmpdir" value="/var/folders/c5/jbb8nd455bz4lx8gsfqf9ryc0000gn/T/"/><property name="java.version" value="19.0.2"/><property name="java.vm.specification.name" value="Java Virtual Machine Specification"/><property name="native.encoding" value="UTF-8"/><property name="java.library.path" value="/Users/benjaminalvial/Library/Java/Extensions:/Library/Java/Extensions:/Network/Library/Java/Extensions:/System/Library/Java/Extensions:/usr/lib/java:."/><property name="stderr.encoding" value="UTF-8"/><property name="java.vendor" value="Oracle Corporation"/><property name="scala.ext.dirs" value="/Users/benjaminalvial/.sbt/1.0/java9-rt-ext-oracle_corporation_19_0_2"/><property name="sun.io.unicode.encoding" value="UnicodeBig"/><property name="socksNonProxyHosts" value="local|*.local|169.254/16|*.169.254/16"/><property name="java.class.path" value="/Users/benjaminalvial/.sdkman/candidates/sbt/1.8.2/bin/sbt-launch.jar"/><property name="java.vm.vendor" value="Oracle Corporation"/><property name="jline.shutdownhook" value="false"/><property name="user.timezone" value="America/Santiago"/><property name="java.vm.specification.version" value="19"/><property name="os.name" value="Mac OS X"/><property name="sun.java.launcher" value="SUN_STANDARD"/><property name="user.country" value="CL"/><property name="http.nonProxyHosts" value="local|*.local|169.254/16|*.169.254/16"/><property name="sun.cpu.endian" value="little"/><property name="user.home" value="/Users/benjaminalvial"/><property name="user.language" value="en"/><property name="sbt.script" value="/Users/benjaminalvial/.sdkman/candidates/sbt/current/bin/sbt"/><property name="sbt.ipcsocket.tmpdir" value="/var/folders/c5/jbb8nd455bz4lx8gsfqf9ryc0000gn/T/.sbt2aa3466d/ipcsocket"/><property name="swoval.tmpdir" value="/var/folders/c5/jbb8nd455bz4lx8gsfqf9ryc0000gn/T/.sbt2aa3466d/swoval"/><property name="apple.awt.application.name" value="Boot"/><property name="jline.esc.timeout" value="0"/><property name="ftp.nonProxyHosts" value="local|*.local|169.254/16|*.169.254/16"/><property name="stdout.encoding" value="UTF-8"/><property name="path.separator" value=":"/><property name="os.version" value="10.14.6"/><property name="jna.nosys" value="true"/><property name="java.runtime.name" value="Java(TM) SE Runtime Environment"/><property name="java.vm.name" value="Java HotSpot(TM) 64-Bit Server VM"/><property name="jna.platform.library.path" value="/usr/lib:/usr/lib"/><property name="java.vendor.url.bug" value="https://bugreport.java.com/bugreport/"/><property name="user.dir" value="/Users/benjaminalvial/Desktop/MetodologÃ­as/gwen-t-benjamin-alvial"/><property name="os.arch" value="x86_64"/><property name="java.vm.info" value="mixed mode, sharing"/><property name="java.vm.version" value="19.0.2+7-44"/><property name="java.class.version" value="63.0"/>
    </properties>
          <testcase classname="cl.uchile.dcc.gwent.BoardTest" name="Two sides are equal if they have the same cards and they belong to the same board" time="0.081">
                      
                    </testcase><testcase classname="cl.uchile.dcc.gwent.BoardTest" name="Two weather zones are equal if they have same cards." time="0.002">
                      
                    </testcase><testcase classname="cl.uchile.dcc.gwent.BoardTest" name="A board has two sides and a weather zone." time="0.001">
                      
                    </testcase><testcase classname="cl.uchile.dcc.gwent.BoardTest" name="Zones have card sets, initially all empty." time="0.003">
                      
                    </testcase><testcase classname="cl.uchile.dcc.gwent.BoardTest" name="Close combat unit card played by Player must be removed from hand and added to close combat zone." time="0.001">
                      
                    </testcase><testcase classname="cl.uchile.dcc.gwent.BoardTest" name="Ranged unit card played by Player must be removed from hand and added to ranged zone." time="0.001">
                      
                    </testcase><testcase classname="cl.uchile.dcc.gwent.BoardTest" name="Siege unit card played by Player must be removed from hand and added to siege zone." time="0.001">
                      
                    </testcase><testcase classname="cl.uchile.dcc.gwent.BoardTest" name="Weather card played by Player must be removed from hand and added to weather zone." time="0.003">
                      
                    </testcase>
          <system-out><![CDATA[]]></system-out>
          <system-err><![CDATA[]]></system-err>
        </testsuite>